<?xml version="1.0" encoding="UTF-8"?>
<!-- Generated by org.testng.reporters.JUnitXMLReporter -->
<testsuite ignored="0" hostname="CPU0441" failures="2" tests="14" name="GPS_time_server" time="4.877" errors="0" timestamp="2025-04-04T15:37:39 IST">
  <testcase classname="com.simplilearn.mavenproject.Meter_testing_Project" name="CRUX_Meter_Data_Analytics" time="0.001">
    <failure type="java.lang.NullPointerException" message="Cannot invoke &amp;quot;org.openqa.selenium.WebDriver.findElement(org.openqa.selenium.By)&amp;quot; because &amp;quot;this.driver&amp;quot; is null">
      <![CDATA[java.lang.NullPointerException: Cannot invoke "org.openqa.selenium.WebDriver.findElement(org.openqa.selenium.By)" because "this.driver" is null
at com.simplilearn.mavenproject.Meter_testing_Project.mouse_action(Meter_testing_Project.java:52)
at com.simplilearn.mavenproject.Meter_testing_Project.CRUX_Meter_Data_Analytics(Meter_testing_Project.java:205)
at java.base/java.util.ArrayList.forEach(ArrayList.java:1511)
... Removed 25 stack frames]]>
    </failure>
  </testcase> <!-- CRUX_Meter_Data_Analytics -->
  <testcase classname="com.simplilearn.mavenproject.Meter_testing_Project" name="GPS_Clock" time="0.001">
    <failure type="java.lang.NullPointerException" message="Cannot invoke &amp;quot;org.openqa.selenium.WebDriver.findElement(org.openqa.selenium.By)&amp;quot; because &amp;quot;this.driver&amp;quot; is null">
      <![CDATA[java.lang.NullPointerException: Cannot invoke "org.openqa.selenium.WebDriver.findElement(org.openqa.selenium.By)" because "this.driver" is null
at com.simplilearn.mavenproject.Meter_testing_Project.mouse_action(Meter_testing_Project.java:52)
at com.simplilearn.mavenproject.Meter_testing_Project.GPS_Clock(Meter_testing_Project.java:154)
at java.base/java.util.ArrayList.forEach(ArrayList.java:1511)
... Removed 25 stack frames]]>
    </failure>
  </testcase> <!-- GPS_Clock -->
  <testcase classname="com.simplilearn.mavenproject.Meter_testing_Project" name="GPS_Standalone_Clock" time="0.0">
    <skipped/>
  </testcase> <!-- GPS_Standalone_Clock -->
  <testcase classname="com.simplilearn.mavenproject.Meter_testing_Project" name="GPS_Time_Server_GPS_Time_Server_DIN_RAIL" time="0.0">
    <skipped/>
  </testcase> <!-- GPS_Time_Server_GPS_Time_Server_DIN_RAIL -->
  <testcase classname="com.simplilearn.mavenproject.Meter_testing_Project" name="GPS_Time_Server_SYNTIME_GPS_Time_Server" time="0.0">
    <skipped/>
  </testcase> <!-- GPS_Time_Server_SYNTIME_GPS_Time_Server -->
  <testcase classname="com.simplilearn.mavenproject.Meter_testing_Project" name="GPS_Wireless_Clock" time="0.0">
    <skipped/>
  </testcase> <!-- GPS_Wireless_Clock -->
  <testcase classname="com.simplilearn.mavenproject.Meter_testing_Project" name="HVLWTK" time="0.0">
    <skipped/>
  </testcase> <!-- HVLWTK -->
  <testcase classname="com.simplilearn.mavenproject.Meter_testing_Project" name="IRIG_B_Booster" time="0.0">
    <skipped/>
  </testcase> <!-- IRIG_B_Booster -->
  <testcase classname="com.simplilearn.mavenproject.Meter_testing_Project" name="IRIG_B_RS485_Converter" time="0.0">
    <skipped/>
  </testcase> <!-- IRIG_B_RS485_Converter -->
  <testcase classname="com.simplilearn.mavenproject.Meter_testing_Project" name="NTP_SNTP_Converter" time="0.001">
    <skipped/>
  </testcase> <!-- NTP_SNTP_Converter -->
  <testcase classname="com.simplilearn.mavenproject.Meter_testing_Project" name="Stator_Protection_Kit" time="0.0">
    <skipped/>
  </testcase> <!-- Stator_Protection_Kit -->
  <testcase classname="com.simplilearn.mavenproject.Meter_testing_Project" name="frequency_kilovolte_Mega_displays" time="0.0">
    <skipped/>
  </testcase> <!-- frequency_kilovolte_Mega_displays -->
  <testcase classname="com.simplilearn.mavenproject.Meter_testing_Project" name="product_Meter_testing" time="0.0">
    <skipped/>
  </testcase> <!-- product_Meter_testing -->
  <testcase classname="com.simplilearn.mavenproject.Meter_testing_Project" name="stator" time="0.0">
    <skipped/>
  </testcase> <!-- stator -->
</testsuite> <!-- GPS_time_server -->
