<?xml version="1.0" encoding="UTF-8"?>
<!-- Generated by org.testng.reporters.JUnitXMLReporter -->
<testsuite ignored="0" hostname="CPU0441" failures="10" tests="19" name="Meter_reading_products" time="29.486" errors="0" timestamp="2025-04-05T14:44:40 IST">
  <testcase classname="com.simplilearn.mavenproject.Sands" name="@BeforeClass about_Page" time="0.015">
    <failure type="java.lang.NullPointerException" message="Cannot invoke &amp;quot;org.openqa.selenium.WebDriver.findElement(org.openqa.selenium.By)&amp;quot; because &amp;quot;this.driver&amp;quot; is null">
      <![CDATA[java.lang.NullPointerException: Cannot invoke "org.openqa.selenium.WebDriver.findElement(org.openqa.selenium.By)" because "this.driver" is null
at com.simplilearn.mavenproject.Sands.about_Page(Sands.java:107)
at java.base/java.util.ArrayList.forEach(ArrayList.java:1511)
... Removed 23 stack frames]]>
    </failure>
  </testcase> <!-- @BeforeClass about_Page -->
  <testcase classname="com.simplilearn.mavenproject.BaseTest" name="@BeforeMethod setUp" time="0.0">
    <skipped/>
  </testcase> <!-- @BeforeMethod setUp -->
  <testcase classname="com.simplilearn.mavenproject.BaseTest" name="@AfterMethod tearDown" time="0.0">
    <skipped/>
  </testcase> <!-- @AfterMethod tearDown -->
  <testcase classname="com.simplilearn.mavenproject.BaseTest" name="@BeforeMethod setUp" time="0.0">
    <skipped/>
  </testcase> <!-- @BeforeMethod setUp -->
  <testcase classname="com.simplilearn.mavenproject.BaseTest" name="@AfterMethod tearDown" time="0.0">
    <skipped/>
  </testcase> <!-- @AfterMethod tearDown -->
  <testcase classname="com.simplilearn.mavenproject.BaseTest" name="@BeforeMethod setUp" time="0.0">
    <skipped/>
  </testcase> <!-- @BeforeMethod setUp -->
  <testcase classname="com.simplilearn.mavenproject.BaseTest" name="@AfterMethod tearDown" time="0.0">
    <skipped/>
  </testcase> <!-- @AfterMethod tearDown -->
  <testcase classname="com.simplilearn.mavenproject.BaseTest" name="@BeforeMethod setUp" time="0.0">
    <skipped/>
  </testcase> <!-- @BeforeMethod setUp -->
  <testcase classname="com.simplilearn.mavenproject.BaseTest" name="@AfterMethod tearDown" time="0.0">
    <skipped/>
  </testcase> <!-- @AfterMethod tearDown -->
  <testcase classname="com.simplilearn.mavenproject.BaseTest" name="@BeforeMethod setUp" time="0.0">
    <skipped/>
  </testcase> <!-- @BeforeMethod setUp -->
  <testcase classname="com.simplilearn.mavenproject.BaseTest" name="@AfterMethod tearDown" time="0.0">
    <skipped/>
  </testcase> <!-- @AfterMethod tearDown -->
  <testcase classname="com.simplilearn.mavenproject.BaseTest" name="@BeforeMethod setUp" time="1.188">
    <failure type="org.openqa.selenium.WebDriverException" message="unknown error: JavaScript code failed
from unknown command: &amp;apos;Runtime.evaluate&amp;apos; wasn&amp;apos;t found
  (Session info: chrome=134.0.6998.177)
Build info: version: &amp;apos;4.18.1&amp;apos;, revision: &amp;apos;b1d3319b48&amp;apos;
System info: os.name: &amp;apos;Windows 11&amp;apos;, os.arch: &amp;apos;amd64&amp;apos;, os.version: &amp;apos;10.0&amp;apos;, java.version: &amp;apos;20.0.2&amp;apos;
Driver info: org.openqa.selenium.chrome.ChromeDriver
Command: [2adbb521ea6c163ad440155a0145a6bf, maximizeCurrentWindow {}]
Capabilities {acceptInsecureCerts: false, browserName: chrome, browserVersion: 134.0.6998.177, chrome: {chromedriverVersion: 134.0.6998.165 (fd886e2cb29..., userDataDir: C:\Users\SS1112\AppData\Loc...}, fedcm:accounts: true, goog:chromeOptions: {debuggerAddress: localhost:61179}, networkConnectionEnabled: false, pageLoadStrategy: normal, platformName: windows, proxy: Proxy(), se:cdp: ws://localhost:61179/devtoo..., se:cdpVersion: 134.0.6998.177, setWindowRect: true, strictFileInteractability: false, timeouts: {implicit: 0, pageLoad: 300000, script: 30000}, unhandledPromptBehavior: dismiss and notify, webauthn:extension:credBlob: true, webauthn:extension:largeBlob: true, webauthn:extension:minPinLength: true, webauthn:extension:prf: true, webauthn:virtualAuthenticators: true}
Session ID: 2adbb521ea6c163ad440155a0145a6bf">
      <![CDATA[org.openqa.selenium.WebDriverException: unknown error: JavaScript code failed
from unknown command: 'Runtime.evaluate' wasn't found
  (Session info: chrome=134.0.6998.177)
Build info: version: '4.18.1', revision: 'b1d3319b48'
System info: os.name: 'Windows 11', os.arch: 'amd64', os.version: '10.0', java.version: '20.0.2'
Driver info: org.openqa.selenium.chrome.ChromeDriver
Command: [2adbb521ea6c163ad440155a0145a6bf, maximizeCurrentWindow {}]
Capabilities {acceptInsecureCerts: false, browserName: chrome, browserVersion: 134.0.6998.177, chrome: {chromedriverVersion: 134.0.6998.165 (fd886e2cb29..., userDataDir: C:\Users\SS1112\AppData\Loc...}, fedcm:accounts: true, goog:chromeOptions: {debuggerAddress: localhost:61179}, networkConnectionEnabled: false, pageLoadStrategy: normal, platformName: windows, proxy: Proxy(), se:cdp: ws://localhost:61179/devtoo..., se:cdpVersion: 134.0.6998.177, setWindowRect: true, strictFileInteractability: false, timeouts: {implicit: 0, pageLoad: 300000, script: 30000}, unhandledPromptBehavior: dismiss and notify, webauthn:extension:credBlob: true, webauthn:extension:largeBlob: true, webauthn:extension:minPinLength: true, webauthn:extension:prf: true, webauthn:virtualAuthenticators: true}
Session ID: 2adbb521ea6c163ad440155a0145a6bf
at org.openqa.selenium.remote.ErrorCodec.decode(ErrorCodec.java:167)
at org.openqa.selenium.remote.codec.w3c.W3CHttpResponseCodec.decode(W3CHttpResponseCodec.java:138)
at org.openqa.selenium.remote.codec.w3c.W3CHttpResponseCodec.decode(W3CHttpResponseCodec.java:50)
at org.openqa.selenium.remote.HttpCommandExecutor.execute(HttpCommandExecutor.java:190)
at org.openqa.selenium.remote.service.DriverCommandExecutor.invokeExecute(DriverCommandExecutor.java:216)
at org.openqa.selenium.remote.service.DriverCommandExecutor.execute(DriverCommandExecutor.java:174)
at org.openqa.selenium.remote.RemoteWebDriver.execute(RemoteWebDriver.java:519)
at org.openqa.selenium.remote.RemoteWebDriver.execute(RemoteWebDriver.java:592)
at org.openqa.selenium.remote.RemoteWebDriver.execute(RemoteWebDriver.java:596)
at org.openqa.selenium.remote.RemoteWebDriver$RemoteWebDriverOptions$RemoteWindow.maximize(RemoteWebDriver.java:1035)
at com.simplilearn.mavenproject.SingletonWebDriver.getDriver(SingletonWebDriver.java:31)
at com.simplilearn.mavenproject.BaseTest.setUp(BaseTest.java:17)
at java.base/java.util.ArrayList.forEach(ArrayList.java:1511)
... Removed 32 stack frames]]>
    </failure>
  </testcase> <!-- @BeforeMethod setUp -->
  <testcase classname="com.simplilearn.mavenproject.BaseTest" name="@AfterMethod tearDown" time="0.0">
    <skipped/>
  </testcase> <!-- @AfterMethod tearDown -->
  <testcase classname="com.simplilearn.mavenproject.BaseTest" name="@BeforeMethod setUp" time="0.0">
    <skipped/>
  </testcase> <!-- @BeforeMethod setUp -->
  <testcase classname="com.simplilearn.mavenproject.BaseTest" name="@AfterMethod tearDown" time="0.0">
    <skipped/>
  </testcase> <!-- @AfterMethod tearDown -->
  <testcase classname="com.simplilearn.mavenproject.BaseTest" name="@BeforeMethod setUp" time="0.0">
    <skipped/>
  </testcase> <!-- @BeforeMethod setUp -->
  <testcase classname="com.simplilearn.mavenproject.BaseTest" name="@AfterMethod tearDown" time="0.0">
    <skipped/>
  </testcase> <!-- @AfterMethod tearDown -->
  <testcase classname="com.simplilearn.mavenproject.BaseTest" name="@BeforeMethod setUp" time="0.0">
    <skipped/>
  </testcase> <!-- @BeforeMethod setUp -->
  <testcase classname="com.simplilearn.mavenproject.BaseTest" name="@AfterMethod tearDown" time="0.0">
    <skipped/>
  </testcase> <!-- @AfterMethod tearDown -->
  <testcase classname="com.simplilearn.mavenproject.Sands" name="amr_solution" time="0.0">
    <skipped/>
  </testcase> <!-- amr_solution -->
  <testcase classname="com.simplilearn.mavenproject.Sands" name="cmri" time="0.0">
    <skipped/>
  </testcase> <!-- cmri -->
  <testcase classname="com.simplilearn.mavenproject.Sands" name="opal" time="0.0">
    <skipped/>
  </testcase> <!-- opal -->
  <testcase classname="com.simplilearn.mavenproject.Sands" name="optical_probe" time="0.0">
    <skipped/>
  </testcase> <!-- optical_probe -->
  <testcase classname="com.simplilearn.mavenproject.Sands" name="smart_mete" time="0.0">
    <skipped/>
  </testcase> <!-- smart_mete -->
  <testcase classname="com.simplilearn.mavenproject.Meter_testing_Project" name="CRUX_Meter_Data_Analytics" time="0.003">
    <failure type="java.lang.NullPointerException" message="Cannot invoke &amp;quot;org.openqa.selenium.WebDriver.findElement(org.openqa.selenium.By)&amp;quot; because &amp;quot;this.driver&amp;quot; is null">
      <![CDATA[java.lang.NullPointerException: Cannot invoke "org.openqa.selenium.WebDriver.findElement(org.openqa.selenium.By)" because "this.driver" is null
at com.simplilearn.mavenproject.Meter_testing_Project.mouse_action(Meter_testing_Project.java:52)
at com.simplilearn.mavenproject.Meter_testing_Project.CRUX_Meter_Data_Analytics(Meter_testing_Project.java:205)
at java.base/java.util.ArrayList.forEach(ArrayList.java:1511)
... Removed 25 stack frames]]>
    </failure>
  </testcase> <!-- CRUX_Meter_Data_Analytics -->
  <testcase classname="com.simplilearn.mavenproject.Meter_testing_Project" name="GPS_Clock" time="0.002">
    <failure type="java.lang.NullPointerException" message="Cannot invoke &amp;quot;org.openqa.selenium.WebDriver.findElement(org.openqa.selenium.By)&amp;quot; because &amp;quot;this.driver&amp;quot; is null">
      <![CDATA[java.lang.NullPointerException: Cannot invoke "org.openqa.selenium.WebDriver.findElement(org.openqa.selenium.By)" because "this.driver" is null
at com.simplilearn.mavenproject.Meter_testing_Project.mouse_action(Meter_testing_Project.java:52)
at com.simplilearn.mavenproject.Meter_testing_Project.GPS_Clock(Meter_testing_Project.java:154)
at java.base/java.util.ArrayList.forEach(ArrayList.java:1511)
... Removed 25 stack frames]]>
    </failure>
  </testcase> <!-- GPS_Clock -->
  <testcase classname="com.simplilearn.mavenproject.Meter_testing_Project" name="GPS_Standalone_Clock" time="0.002">
    <failure type="java.lang.NullPointerException" message="Cannot invoke &amp;quot;org.openqa.selenium.WebDriver.findElement(org.openqa.selenium.By)&amp;quot; because &amp;quot;this.driver&amp;quot; is null">
      <![CDATA[java.lang.NullPointerException: Cannot invoke "org.openqa.selenium.WebDriver.findElement(org.openqa.selenium.By)" because "this.driver" is null
at com.simplilearn.mavenproject.Meter_testing_Project.mouse_action(Meter_testing_Project.java:52)
at com.simplilearn.mavenproject.Meter_testing_Project.GPS_Standalone_Clock(Meter_testing_Project.java:171)
at java.base/java.util.ArrayList.forEach(ArrayList.java:1511)
... Removed 25 stack frames]]>
    </failure>
  </testcase> <!-- GPS_Standalone_Clock -->
  <testcase classname="com.simplilearn.mavenproject.Meter_testing_Project" name="GPS_Time_Server_GPS_Time_Server_DIN_RAIL" time="0.001">
    <failure type="java.lang.NullPointerException" message="Cannot invoke &amp;quot;org.openqa.selenium.WebDriver.findElement(org.openqa.selenium.By)&amp;quot; because &amp;quot;this.driver&amp;quot; is null">
      <![CDATA[java.lang.NullPointerException: Cannot invoke "org.openqa.selenium.WebDriver.findElement(org.openqa.selenium.By)" because "this.driver" is null
at com.simplilearn.mavenproject.Meter_testing_Project.mouse_action(Meter_testing_Project.java:52)
at com.simplilearn.mavenproject.Meter_testing_Project.GPS_Time_Server_GPS_Time_Server_DIN_RAIL(Meter_testing_Project.java:114)
at java.base/java.util.ArrayList.forEach(ArrayList.java:1511)
... Removed 25 stack frames]]>
    </failure>
  </testcase> <!-- GPS_Time_Server_GPS_Time_Server_DIN_RAIL -->
  <testcase classname="com.simplilearn.mavenproject.Meter_testing_Project" name="GPS_Time_Server_SYNTIME_GPS_Time_Server" time="0.002">
    <failure type="java.lang.NullPointerException" message="Cannot invoke &amp;quot;org.openqa.selenium.WebDriver.findElement(org.openqa.selenium.By)&amp;quot; because &amp;quot;this.driver&amp;quot; is null">
      <![CDATA[java.lang.NullPointerException: Cannot invoke "org.openqa.selenium.WebDriver.findElement(org.openqa.selenium.By)" because "this.driver" is null
at com.simplilearn.mavenproject.Meter_testing_Project.mouse_action(Meter_testing_Project.java:52)
at com.simplilearn.mavenproject.Meter_testing_Project.GPS_Time_Server_SYNTIME_GPS_Time_Server(Meter_testing_Project.java:104)
at java.base/java.util.ArrayList.forEach(ArrayList.java:1511)
... Removed 25 stack frames]]>
    </failure>
  </testcase> <!-- GPS_Time_Server_SYNTIME_GPS_Time_Server -->
  <testcase classname="com.simplilearn.mavenproject.Meter_testing_Project" name="GPS_Wireless_Clock" time="0.002">
    <failure type="java.lang.NullPointerException" message="Cannot invoke &amp;quot;org.openqa.selenium.WebDriver.findElement(org.openqa.selenium.By)&amp;quot; because &amp;quot;this.driver&amp;quot; is null">
      <![CDATA[java.lang.NullPointerException: Cannot invoke "org.openqa.selenium.WebDriver.findElement(org.openqa.selenium.By)" because "this.driver" is null
at com.simplilearn.mavenproject.Meter_testing_Project.mouse_action(Meter_testing_Project.java:52)
at com.simplilearn.mavenproject.Meter_testing_Project.GPS_Wireless_Clock(Meter_testing_Project.java:163)
at java.base/java.util.ArrayList.forEach(ArrayList.java:1511)
... Removed 25 stack frames]]>
    </failure>
  </testcase> <!-- GPS_Wireless_Clock -->
  <testcase classname="com.simplilearn.mavenproject.Meter_testing_Project" name="HVLWTK" time="0.002">
    <failure type="java.lang.NullPointerException" message="Cannot invoke &amp;quot;org.openqa.selenium.WebDriver.findElement(org.openqa.selenium.By)&amp;quot; because &amp;quot;this.driver&amp;quot; is null">
      <![CDATA[java.lang.NullPointerException: Cannot invoke "org.openqa.selenium.WebDriver.findElement(org.openqa.selenium.By)" because "this.driver" is null
at com.simplilearn.mavenproject.Meter_testing_Project.mouse_action(Meter_testing_Project.java:52)
at com.simplilearn.mavenproject.Meter_testing_Project.HVLWTK(Meter_testing_Project.java:211)
at java.base/java.util.ArrayList.forEach(ArrayList.java:1511)
... Removed 25 stack frames]]>
    </failure>
  </testcase> <!-- HVLWTK -->
  <testcase classname="com.simplilearn.mavenproject.Meter_testing_Project" name="IRIG_B_Booster" time="0.002">
    <failure type="java.lang.NullPointerException" message="Cannot invoke &amp;quot;org.openqa.selenium.WebDriver.findElement(org.openqa.selenium.By)&amp;quot; because &amp;quot;this.driver&amp;quot; is null">
      <![CDATA[java.lang.NullPointerException: Cannot invoke "org.openqa.selenium.WebDriver.findElement(org.openqa.selenium.By)" because "this.driver" is null
at com.simplilearn.mavenproject.Meter_testing_Project.mouse_action(Meter_testing_Project.java:52)
at com.simplilearn.mavenproject.Meter_testing_Project.IRIG_B_Booster(Meter_testing_Project.java:132)
at java.base/java.util.ArrayList.forEach(ArrayList.java:1511)
... Removed 25 stack frames]]>
    </failure>
  </testcase> <!-- IRIG_B_Booster -->
  <testcase classname="com.simplilearn.mavenproject.Meter_testing_Project" name="IRIG_B_RS485_Converter" time="0.003">
    <failure type="java.lang.NullPointerException" message="Cannot invoke &amp;quot;org.openqa.selenium.WebDriver.findElement(org.openqa.selenium.By)&amp;quot; because &amp;quot;this.driver&amp;quot; is null">
      <![CDATA[java.lang.NullPointerException: Cannot invoke "org.openqa.selenium.WebDriver.findElement(org.openqa.selenium.By)" because "this.driver" is null
at com.simplilearn.mavenproject.Meter_testing_Project.mouse_action(Meter_testing_Project.java:52)
at com.simplilearn.mavenproject.Meter_testing_Project.IRIG_B_RS485_Converter(Meter_testing_Project.java:141)
at java.base/java.util.ArrayList.forEach(ArrayList.java:1511)
... Removed 25 stack frames]]>
    </failure>
  </testcase> <!-- IRIG_B_RS485_Converter -->
  <testcase classname="com.simplilearn.mavenproject.Meter_testing_Project" name="NTP_SNTP_Converter" time="0.001">
    <failure type="java.lang.NullPointerException" message="Cannot invoke &amp;quot;org.openqa.selenium.WebDriver.findElement(org.openqa.selenium.By)&amp;quot; because &amp;quot;this.driver&amp;quot; is null">
      <![CDATA[java.lang.NullPointerException: Cannot invoke "org.openqa.selenium.WebDriver.findElement(org.openqa.selenium.By)" because "this.driver" is null
at com.simplilearn.mavenproject.Meter_testing_Project.mouse_action(Meter_testing_Project.java:52)
at com.simplilearn.mavenproject.Meter_testing_Project.NTP_SNTP_Converter(Meter_testing_Project.java:123)
at java.base/java.util.ArrayList.forEach(ArrayList.java:1511)
... Removed 25 stack frames]]>
    </failure>
  </testcase> <!-- NTP_SNTP_Converter -->
  <testcase classname="com.simplilearn.mavenproject.Meter_testing_Project" name="Stator_Protection_Kit" time="0.0">
    <skipped/>
  </testcase> <!-- Stator_Protection_Kit -->
  <testcase classname="com.simplilearn.mavenproject.Meter_testing_Project" name="frequency_kilovolte_Mega_displays" time="0.0">
    <skipped/>
  </testcase> <!-- frequency_kilovolte_Mega_displays -->
  <testcase classname="com.simplilearn.mavenproject.Meter_testing_Project" name="product_Meter_testing" time="0.0">
    <skipped/>
  </testcase> <!-- product_Meter_testing -->
  <testcase classname="com.simplilearn.mavenproject.Meter_testing_Project" name="stator" time="0.0">
    <skipped/>
  </testcase> <!-- stator -->
</testsuite> <!-- Meter_reading_products -->
